<?xml version="1.0" encoding="UTF-8"?>
<!-- Generated by org.testng.reporters.JUnitReportReporter -->
<testsuite hostname="App-PC" name="testng.NewTest" tests="3" failures="0" timestamp="26 Sep 2018 08:37:25 GMT" time="157.077" errors="0">
  <testcase name="search" time="45.082" classname="testng.NewTest"/>
  <testcase name="search" time="57.791" classname="testng.NewTest"/>
  <testcase name="search" time="54.204" classname="testng.NewTest"/>
</testsuite> <!-- testng.NewTest -->
